[20:38:08] [Server thread/INFO]: Starting minecraft server version 1.14.4
[20:38:08] [Server thread/INFO]: Loading properties
[20:38:08] [Server thread/INFO]: This server is running CraftBukkit version git-Spigot-94af569-a3fdef8 (MC: 1.14.4) (Implementing API version 1.14.4-R0.1-SNAPSHOT)
[20:38:08] [Server thread/INFO]: Server Ping Player Sample Count: 12
[20:38:08] [Server thread/INFO]: Using 4 threads for Netty based IO
[20:38:08] [Server thread/INFO]: Debug logging is disabled
[20:38:08] [Server thread/INFO]: Default game type: SURVIVAL
[20:38:08] [Server thread/INFO]: Generating keypair
[20:38:09] [Server thread/INFO]: Starting Minecraft server on *:25565
[20:38:09] [Server thread/INFO]: Using epoll channel type
[20:38:13] [Server thread/WARN]: Plugin Othercraft v1.14.3 does not specify an api-version.
[20:38:13] [Server thread/INFO]: [Othercraft] Loading Othercraft v1.14.3
[20:38:13] [Server thread/INFO]: Preparing level "world"
[20:38:13] [Server thread/INFO]: Reloading ResourceManager: Default, bukkit
[20:38:15] [Server thread/INFO]: Loaded 6 recipes
[20:38:20] [Server thread/INFO]: -------- World Settings For [world] --------
[20:38:20] [Server thread/INFO]: Cactus Growth Modifier: 100%
[20:38:20] [Server thread/INFO]: Cane Growth Modifier: 100%
[20:38:20] [Server thread/INFO]: Melon Growth Modifier: 100%
[20:38:20] [Server thread/INFO]: Mushroom Growth Modifier: 100%
[20:38:20] [Server thread/INFO]: Pumpkin Growth Modifier: 100%
[20:38:20] [Server thread/INFO]: Sapling Growth Modifier: 100%
[20:38:20] [Server thread/INFO]: Beetroot Growth Modifier: 100%
[20:38:20] [Server thread/INFO]: Carrot Growth Modifier: 100%
[20:38:20] [Server thread/INFO]: Potato Growth Modifier: 100%
[20:38:20] [Server thread/INFO]: Wheat Growth Modifier: 100%
[20:38:20] [Server thread/INFO]: NetherWart Growth Modifier: 100%
[20:38:20] [Server thread/INFO]: Vine Growth Modifier: 100%
[20:38:20] [Server thread/INFO]: Cocoa Growth Modifier: 100%
[20:38:20] [Server thread/INFO]: Bamboo Growth Modifier: 100%
[20:38:20] [Server thread/INFO]: SweetBerry Growth Modifier: 100%
[20:38:20] [Server thread/INFO]: Kelp Growth Modifier: 100%
[20:38:20] [Server thread/INFO]: Experience Merge Radius: 3.0
[20:38:20] [Server thread/INFO]: Mob Spawn Range: 6
[20:38:20] [Server thread/INFO]: Entity Activation Range: An 32 / Mo 32 / Ra 48 / Mi 16 / Tiv true
[20:38:20] [Server thread/INFO]: Entity Tracking Range: Pl 48 / An 48 / Mo 48 / Mi 32 / Other 64
[20:38:20] [Server thread/INFO]: Hopper Transfer: 8 Hopper Check: 1 Hopper Amount: 1
[20:38:20] [Server thread/INFO]: Custom Map Seeds:  Village: 10387312 Desert: 14357617 Igloo: 14357618 Jungle: 14357619 Swamp: 14357620 Monument: 10387313Ocean: 14357621 Shipwreck: 165745295 Slime: 987234911
[20:38:20] [Server thread/INFO]: Max TNT Explosions: 100
[20:38:20] [Server thread/INFO]: Tile Max Tick Time: 50ms Entity max Tick Time: 50ms
[20:38:20] [Server thread/INFO]: View Distance: 10
[20:38:20] [Server thread/INFO]: Allow Zombie Pigmen to spawn from portal blocks: true
[20:38:20] [Server thread/INFO]: Arrow Despawn Rate: 1200
[20:38:20] [Server thread/INFO]: Item Despawn Rate: 6000
[20:38:20] [Server thread/INFO]: Item Merge Radius: 2.5
[20:38:20] [Server thread/INFO]: Zombie Aggressive Towards Villager: true
[20:38:20] [Server thread/INFO]: Nerfing mobs spawned from spawners: false
[20:38:20] [Server thread/INFO]: -------- World Settings For [world_nether] --------
[20:38:20] [Server thread/INFO]: Cactus Growth Modifier: 100%
[20:38:20] [Server thread/INFO]: Cane Growth Modifier: 100%
[20:38:20] [Server thread/INFO]: Melon Growth Modifier: 100%
[20:38:20] [Server thread/INFO]: Mushroom Growth Modifier: 100%
[20:38:20] [Server thread/INFO]: Pumpkin Growth Modifier: 100%
[20:38:20] [Server thread/INFO]: Sapling Growth Modifier: 100%
[20:38:20] [Server thread/INFO]: Beetroot Growth Modifier: 100%
[20:38:20] [Server thread/INFO]: Carrot Growth Modifier: 100%
[20:38:20] [Server thread/INFO]: Potato Growth Modifier: 100%
[20:38:20] [Server thread/INFO]: Wheat Growth Modifier: 100%
[20:38:20] [Server thread/INFO]: NetherWart Growth Modifier: 100%
[20:38:20] [Server thread/INFO]: Vine Growth Modifier: 100%
[20:38:20] [Server thread/INFO]: Cocoa Growth Modifier: 100%
[20:38:20] [Server thread/INFO]: Bamboo Growth Modifier: 100%
[20:38:20] [Server thread/INFO]: SweetBerry Growth Modifier: 100%
[20:38:20] [Server thread/INFO]: Kelp Growth Modifier: 100%
[20:38:20] [Server thread/INFO]: Experience Merge Radius: 3.0
[20:38:20] [Server thread/INFO]: Mob Spawn Range: 6
[20:38:20] [Server thread/INFO]: Entity Activation Range: An 32 / Mo 32 / Ra 48 / Mi 16 / Tiv true
[20:38:20] [Server thread/INFO]: Entity Tracking Range: Pl 48 / An 48 / Mo 48 / Mi 32 / Other 64
[20:38:20] [Server thread/INFO]: Hopper Transfer: 8 Hopper Check: 1 Hopper Amount: 1
[20:38:20] [Server thread/INFO]: Custom Map Seeds:  Village: 10387312 Desert: 14357617 Igloo: 14357618 Jungle: 14357619 Swamp: 14357620 Monument: 10387313Ocean: 14357621 Shipwreck: 165745295 Slime: 987234911
[20:38:20] [Server thread/INFO]: Max TNT Explosions: 100
[20:38:20] [Server thread/INFO]: Tile Max Tick Time: 50ms Entity max Tick Time: 50ms
[20:38:20] [Server thread/INFO]: View Distance: 10
[20:38:20] [Server thread/INFO]: Allow Zombie Pigmen to spawn from portal blocks: true
[20:38:20] [Server thread/INFO]: Arrow Despawn Rate: 1200
[20:38:20] [Server thread/INFO]: Item Despawn Rate: 6000
[20:38:20] [Server thread/INFO]: Item Merge Radius: 2.5
[20:38:20] [Server thread/INFO]: Zombie Aggressive Towards Villager: true
[20:38:20] [Server thread/INFO]: Nerfing mobs spawned from spawners: false
[20:38:20] [Server thread/INFO]: -------- World Settings For [world_the_end] --------
[20:38:20] [Server thread/INFO]: Cactus Growth Modifier: 100%
[20:38:20] [Server thread/INFO]: Cane Growth Modifier: 100%
[20:38:20] [Server thread/INFO]: Melon Growth Modifier: 100%
[20:38:20] [Server thread/INFO]: Mushroom Growth Modifier: 100%
[20:38:20] [Server thread/INFO]: Pumpkin Growth Modifier: 100%
[20:38:20] [Server thread/INFO]: Sapling Growth Modifier: 100%
[20:38:20] [Server thread/INFO]: Beetroot Growth Modifier: 100%
[20:38:20] [Server thread/INFO]: Carrot Growth Modifier: 100%
[20:38:20] [Server thread/INFO]: Potato Growth Modifier: 100%
[20:38:20] [Server thread/INFO]: Wheat Growth Modifier: 100%
[20:38:20] [Server thread/INFO]: NetherWart Growth Modifier: 100%
[20:38:20] [Server thread/INFO]: Vine Growth Modifier: 100%
[20:38:20] [Server thread/INFO]: Cocoa Growth Modifier: 100%
[20:38:20] [Server thread/INFO]: Bamboo Growth Modifier: 100%
[20:38:20] [Server thread/INFO]: SweetBerry Growth Modifier: 100%
[20:38:20] [Server thread/INFO]: Kelp Growth Modifier: 100%
[20:38:20] [Server thread/INFO]: Experience Merge Radius: 3.0
[20:38:20] [Server thread/INFO]: Mob Spawn Range: 6
[20:38:20] [Server thread/INFO]: Entity Activation Range: An 32 / Mo 32 / Ra 48 / Mi 16 / Tiv true
[20:38:20] [Server thread/INFO]: Entity Tracking Range: Pl 48 / An 48 / Mo 48 / Mi 32 / Other 64
[20:38:20] [Server thread/INFO]: Hopper Transfer: 8 Hopper Check: 1 Hopper Amount: 1
[20:38:20] [Server thread/INFO]: Custom Map Seeds:  Village: 10387312 Desert: 14357617 Igloo: 14357618 Jungle: 14357619 Swamp: 14357620 Monument: 10387313Ocean: 14357621 Shipwreck: 165745295 Slime: 987234911
[20:38:20] [Server thread/INFO]: Max TNT Explosions: 100
[20:38:20] [Server thread/INFO]: Tile Max Tick Time: 50ms Entity max Tick Time: 50ms
[20:38:20] [Server thread/INFO]: View Distance: 10
[20:38:20] [Server thread/INFO]: Allow Zombie Pigmen to spawn from portal blocks: true
[20:38:20] [Server thread/INFO]: Arrow Despawn Rate: 1200
[20:38:20] [Server thread/INFO]: Item Despawn Rate: 6000
[20:38:20] [Server thread/INFO]: Item Merge Radius: 2.5
[20:38:20] [Server thread/INFO]: Zombie Aggressive Towards Villager: true
[20:38:20] [Server thread/INFO]: Nerfing mobs spawned from spawners: false
[20:38:20] [Server thread/INFO]: Preparing start region for dimension 'world'/minecraft:overworld
[20:38:21] [Server thread/INFO]: Preparing spawn area: 0%
[20:38:21] [Server thread/INFO]: Preparing spawn area: 0%
[20:38:21] [Server thread/INFO]: Preparing spawn area: 24%
[20:38:23] [Server-Worker-2/INFO]: Preparing spawn area: 83%
[20:38:23] [Server-Worker-3/INFO]: Preparing spawn area: 83%
[20:38:23] [Server-Worker-1/INFO]: Preparing spawn area: 83%
[20:38:23] [Server thread/INFO]: Preparing spawn area: 83%
[20:38:24] [Server-Worker-3/INFO]: Preparing spawn area: 87%
[20:38:24] [Server-Worker-3/INFO]: Preparing spawn area: 87%
[20:38:25] [Server thread/INFO]: Preparing spawn area: 88%
[20:38:25] [Server-Worker-2/INFO]: Preparing spawn area: 90%
[20:38:26] [Server-Worker-1/INFO]: Preparing spawn area: 96%
[20:38:26] [Server thread/INFO]: Time elapsed: 5918 ms
[20:38:26] [Server thread/INFO]: Preparing start region for dimension 'world_nether'/minecraft:the_nether
[20:38:26] [Server thread/INFO]: Preparing spawn area: 0%
[20:38:26] [Server thread/INFO]: Preparing spawn area: 0%
[20:38:27] [Server-Worker-2/INFO]: Preparing spawn area: 83%
[20:38:27] [Server-Worker-2/INFO]: Preparing spawn area: 83%
[20:38:28] [Server thread/INFO]: Time elapsed: 2000 ms
[20:38:28] [Server thread/INFO]: Preparing start region for dimension 'world_the_end'/minecraft:the_end
[20:38:28] [Server thread/INFO]: Preparing spawn area: 0%
[20:38:28] [Server-Worker-3/INFO]: Preparing spawn area: 83%
[20:38:29] [Server thread/INFO]: Time elapsed: 779 ms
[20:38:29] [Server thread/INFO]: [Othercraft] Enabling Othercraft v1.14.3
[20:38:29] [Server thread/INFO]: ## onEnable
[20:38:29] [Server thread/INFO]: [ INFO] (
[20:38:29] [Server thread/INFO]: Server thread
[20:38:29] [Server thread/INFO]: ) 
[20:38:29] [Server thread/INFO]: Shard 0 with Discord4J 3.0.7 (https://discord4j.com)
[20:38:29] [Server thread/INFO]: Server permissions file permissions.yml is empty, ignoring it
[20:38:29] [Server thread/INFO]: Done (16.234s)! For help, type "help"
[20:38:31] [reactor-http-epoll-6/INFO]: [ INFO] (
[20:38:31] [reactor-http-epoll-6/INFO]: reactor-http-epoll-6
[20:38:31] [reactor-http-epoll-6/INFO]: ) 
[20:38:31] [reactor-http-epoll-6/INFO]: Connected to Gateway
[20:42:35] [Thread-2/INFO]: Stopping server
